# JRE version: OpenJDK Runtime Environment Temurin-21.0.12.1+1 (21.0.12.1+1) (build 21.0.12.1+1-LTS)
# Java VM: OpenJDK 64-Bit Server VM Temurin-21.0.12.1+1 (21.0.12.1+1-LTS, mixed mode, sharing, tiered, compressed oops, compressed class ptrs, g1 gc, windows-amd64)
GC Precious Log:
 CardTable entry size: 512
 Card Set container configuration: InlinePtr #cards 5 size 8 Array Of Cards #cards 12 size 40 Howl #buckets 4 coarsen threshold 1843 Howl Bitmap #cards 512 size 80 coarsen threshold 460 Card regions per heap region 1 cards per card region 2048
 CPUs: 12 total, 12 available
 Memory: 15688M
 Large Page Support: Disabled
 NUMA Support: Disabled
 Compressed Oops: Enabled (32-bit)
 Heap Region Size: 1M
 Heap Min Capacity: 256M
 Heap Initial Capacity: 256M
 Heap Max Capacity: 512M
 Pre-touch: Disabled
 Parallel Workers: 10
 Concurrent Workers: 3
 Concurrent Refinement Workers: 10
 Periodic GC: Disabled
Heap:
 garbage-first heap   total 262144K, used 98629K [0x00000000e0000000, 0x0000000100000000)
  region size 1024K, 77 young (78848K), 10 survivors (10240K)
 Metaspace       used 41978K, committed 43712K, reserved 393216K
  class space    used 6318K, committed 7168K, reserved 327680K
GC Heap History (14 events):
Event: 3.128 GC heap before
{Heap before GC invocations=0 (full 0):
 garbage-first heap   total 262144K, used 26624K [0x00000000e0000000, 0x0000000100000000)
  region size 1024K, 23 young (23552K), 0 survivors (0K)
 Metaspace       used 2799K, committed 2944K, reserved 393216K
  class space    used 326K, committed 384K, reserved 327680K
}
Event: 3.368 GC heap after
{Heap after GC invocations=1 (full 0):
 garbage-first heap   total 262144K, used 11171K [0x00000000e0000000, 0x0000000100000000)
  region size 1024K, 3 young (3072K), 3 survivors (3072K)
 Metaspace       used 2799K, committed 2944K, reserved 393216K
  class space    used 326K, committed 384K, reserved 327680K
}
Event: 5.851 GC heap before
{Heap before GC invocations=1 (full 0):
 garbage-first heap   total 262144K, used 39843K [0x00000000e0000000, 0x0000000100000000)
  region size 1024K, 30 young (30720K), 3 survivors (3072K)
 Metaspace       used 4638K, committed 4864K, reserved 393216K
  class space    used 594K, committed 704K, reserved 327680K
}
Event: 5.856 GC heap after
{Heap after GC invocations=2 (full 0):
 garbage-first heap   total 262144K, used 14140K [0x00000000e0000000, 0x0000000100000000)
  region size 1024K, 2 young (2048K), 2 survivors (2048K)
 Metaspace       used 4638K, committed 4864K, reserved 393216K
  class space    used 594K, committed 704K, reserved 327680K
}
Event: 66.007 GC heap before
{Heap before GC invocations=2 (full 0):
 garbage-first heap   total 262144K, used 96060K [0x00000000e0000000, 0x0000000100000000)
  region size 1024K, 81 young (82944K), 2 survivors (2048K)
 Metaspace       used 16221K, committed 16704K, reserved 393216K
  class space    used 2205K, committed 2432K, reserved 327680K
}
Event: 66.568 GC heap after
{Heap after GC invocations=3 (full 0):
 garbage-first heap   total 262144K, used 22296K [0x00000000e0000000, 0x0000000100000000)
  region size 1024K, 10 young (10240K), 10 survivors (10240K)
 Metaspace       used 16221K, committed 16704K, reserved 393216K
  class space    used 2205K, committed 2432K, reserved 327680K
}
Event: 69.017 GC heap before
{Heap before GC invocations=3 (full 0):
 garbage-first heap   total 262144K, used 55064K [0x00000000e0000000, 0x0000000100000000)
  region size 1024K, 44 young (45056K), 10 survivors (10240K)
 Metaspace       used 20836K, committed 21504K, reserved 393216K
  class space    used 2978K, committed 3328K, reserved 327680K
}
Event: 69.026 GC heap after
{Heap after GC invocations=4 (full 0):
 garbage-first heap   total 262144K, used 24407K [0x00000000e0000000, 0x0000000100000000)
  region size 1024K, 12 young (12288K), 12 survivors (12288K)
 Metaspace       used 20836K, committed 21504K, reserved 393216K
  class space    used 2978K, committed 3328K, reserved 327680K
}
Event: 124.100 GC heap before
{Heap before GC invocations=5 (full 0):
 garbage-first heap   total 262144K, used 130903K [0x00000000e0000000, 0x0000000100000000)
  region size 1024K, 118 young (120832K), 12 survivors (12288K)
 Metaspace       used 34541K, committed 35968K, reserved 393216K
  class space    used 5112K, committed 5824K, reserved 327680K
}
Event: 124.118 GC heap after
{Heap after GC invocations=6 (full 0):
 garbage-first heap   total 262144K, used 31168K [0x00000000e0000000, 0x0000000100000000)
  region size 1024K, 17 young (17408K), 17 survivors (17408K)
 Metaspace       used 34541K, committed 35968K, reserved 393216K
  class space    used 5112K, committed 5824K, reserved 327680K
}
Event: 124.268 GC heap before
{Heap before GC invocations=6 (full 0):
 garbage-first heap   total 262144K, used 32192K [0x00000000e0000000, 0x0000000100000000)
  region size 1024K, 19 young (19456K), 17 survivors (17408K)
 Metaspace       used 34921K, committed 36288K, reserved 393216K
  class space    used 5156K, committed 5824K, reserved 327680K
}
Event: 124.280 GC heap after
{Heap after GC invocations=7 (full 0):
 garbage-first heap   total 262144K, used 31658K [0x00000000e0000000, 0x0000000100000000)
  region size 1024K, 10 young (10240K), 10 survivors (10240K)
 Metaspace       used 34921K, committed 36288K, reserved 393216K
  class space    used 5156K, committed 5824K, reserved 327680K
}
Event: 124.431 GC heap before
{Heap before GC invocations=7 (full 0):
 garbage-first heap   total 262144K, used 32682K [0x00000000e0000000, 0x0000000100000000)
  region size 1024K, 12 young (12288K), 10 survivors (10240K)
 Metaspace       used 35215K, committed 36608K, reserved 393216K
  class space    used 5199K, committed 5888K, reserved 327680K
}
Event: 124.444 GC heap after
{Heap after GC invocations=8 (full 0):
 garbage-first heap   total 262144K, used 31045K [0x00000000e0000000, 0x0000000100000000)
  region size 1024K, 10 young (10240K), 10 survivors (10240K)
 Metaspace       used 35215K, committed 36608K, reserved 393216K
  class space    used 5199K, committed 5888K, reserved 327680K
}

