# JRE version: OpenJDK Runtime Environment Temurin-21.0.12.1+1 (21.0.12.1+1) (build 21.0.12.1+1-LTS)
# Java VM: OpenJDK 64-Bit Server VM Temurin-21.0.12.1+1 (21.0.12.1+1-LTS, mixed mode, sharing, tiered, compressed oops, compressed class ptrs, g1 gc, windows-amd64)
GC Precious Log:
 CardTable entry size: 512
 Card Set container configuration: InlinePtr #cards 5 size 8 Array Of Cards #cards 12 size 40 Howl #buckets 4 coarsen threshold 1843 Howl Bitmap #cards 512 size 80 coarsen threshold 460 Card regions per heap region 1 cards per card region 2048
 CPUs: 12 total, 12 available
 Memory: 15688M
 Large Page Support: Disabled
 NUMA Support: Disabled
 Compressed Oops: Enabled (32-bit)
 Heap Region Size: 1M
 Heap Min Capacity: 256M
 Heap Initial Capacity: 256M
 Heap Max Capacity: 512M
 Pre-touch: Disabled
 Parallel Workers: 10
 Concurrent Workers: 3
 Concurrent Refinement Workers: 10
 Periodic GC: Disabled
Heap:
 garbage-first heap   total 262144K, used 120554K [0x00000000e0000000, 0x0000000100000000)
  region size 1024K, 63 young (64512K), 10 survivors (10240K)
 Metaspace       used 65295K, committed 67456K, reserved 393216K
  class space    used 9441K, committed 10496K, reserved 327680K
GC Heap History (20 events):
Event: 1.765 GC heap before
{Heap before GC invocations=0 (full 0):
 garbage-first heap   total 262144K, used 26624K [0x00000000e0000000, 0x0000000100000000)
  region size 1024K, 23 young (23552K), 0 survivors (0K)
 Metaspace       used 2875K, committed 3008K, reserved 393216K
  class space    used 338K, committed 384K, reserved 327680K
}
Event: 1.777 GC heap after
{Heap after GC invocations=1 (full 0):
 garbage-first heap   total 262144K, used 10853K [0x00000000e0000000, 0x0000000100000000)
  region size 1024K, 3 young (3072K), 3 survivors (3072K)
 Metaspace       used 2875K, committed 3008K, reserved 393216K
  class space    used 338K, committed 384K, reserved 327680K
}
Event: 2.913 GC heap before
{Heap before GC invocations=1 (full 0):
 garbage-first heap   total 262144K, used 38501K [0x00000000e0000000, 0x0000000100000000)
  region size 1024K, 30 young (30720K), 3 survivors (3072K)
 Metaspace       used 4629K, committed 4800K, reserved 393216K
  class space    used 595K, committed 704K, reserved 327680K
}
Event: 2.917 GC heap after
{Heap after GC invocations=2 (full 0):
 garbage-first heap   total 262144K, used 14310K [0x00000000e0000000, 0x0000000100000000)
  region size 1024K, 3 young (3072K), 3 survivors (3072K)
 Metaspace       used 4629K, committed 4800K, reserved 393216K
  class space    used 595K, committed 704K, reserved 327680K
}
Event: 8.259 GC heap before
{Heap before GC invocations=2 (full 0):
 garbage-first heap   total 262144K, used 92134K [0x00000000e0000000, 0x0000000100000000)
  region size 1024K, 78 young (79872K), 3 survivors (3072K)
 Metaspace       used 15773K, committed 16192K, reserved 393216K
  class space    used 2159K, committed 2368K, reserved 327680K
}
Event: 8.273 GC heap after
{Heap after GC invocations=3 (full 0):
 garbage-first heap   total 262144K, used 22074K [0x00000000e0000000, 0x0000000100000000)
  region size 1024K, 10 young (10240K), 10 survivors (10240K)
 Metaspace       used 15773K, committed 16192K, reserved 393216K
  class space    used 2159K, committed 2368K, reserved 327680K
}
Event: 13.582 GC heap before
{Heap before GC invocations=3 (full 0):
 garbage-first heap   total 262144K, used 56890K [0x00000000e0000000, 0x0000000100000000)
  region size 1024K, 45 young (46080K), 10 survivors (10240K)
 Metaspace       used 20834K, committed 21504K, reserved 393216K
  class space    used 2970K, committed 3328K, reserved 327680K
}
Event: 13.589 GC heap after
{Heap after GC invocations=4 (full 0):
 garbage-first heap   total 262144K, used 24384K [0x00000000e0000000, 0x0000000100000000)
  region size 1024K, 11 young (11264K), 11 survivors (11264K)
 Metaspace       used 20834K, committed 21504K, reserved 393216K
  class space    used 2970K, committed 3328K, reserved 327680K
}
Event: 29.835 GC heap before
{Heap before GC invocations=5 (full 0):
 garbage-first heap   total 262144K, used 127808K [0x00000000e0000000, 0x0000000100000000)
  region size 1024K, 112 young (114688K), 11 survivors (11264K)
 Metaspace       used 34774K, committed 36096K, reserved 393216K
  class space    used 4998K, committed 5632K, reserved 327680K
}
Event: 29.850 GC heap after
{Heap after GC invocations=6 (full 0):
 garbage-first heap   total 262144K, used 29738K [0x00000000e0000000, 0x0000000100000000)
  region size 1024K, 16 young (16384K), 16 survivors (16384K)
 Metaspace       used 34774K, committed 36096K, reserved 393216K
  class space    used 4998K, committed 5632K, reserved 327680K
}
Event: 29.957 GC heap before
{Heap before GC invocations=6 (full 0):
 garbage-first heap   total 262144K, used 30762K [0x00000000e0000000, 0x0000000100000000)
  region size 1024K, 18 young (18432K), 16 survivors (16384K)
 Metaspace       used 34974K, committed 36416K, reserved 393216K
  class space    used 5019K, committed 5760K, reserved 327680K
}
Event: 29.974 GC heap after
{Heap after GC invocations=7 (full 0):
 garbage-first heap   total 262144K, used 30660K [0x00000000e0000000, 0x0000000100000000)
  region size 1024K, 9 young (9216K), 9 survivors (9216K)
 Metaspace       used 34974K, committed 36416K, reserved 393216K
  class space    used 5019K, committed 5760K, reserved 327680K
}
Event: 30.061 GC heap before
{Heap before GC invocations=7 (full 0):
 garbage-first heap   total 262144K, used 32708K [0x00000000e0000000, 0x0000000100000000)
  region size 1024K, 12 young (12288K), 9 survivors (9216K)
 Metaspace       used 35364K, committed 36736K, reserved 393216K
  class space    used 5045K, committed 5760K, reserved 327680K
}
Event: 30.069 GC heap after
{Heap after GC invocations=8 (full 0):
 garbage-first heap   total 262144K, used 30798K [0x00000000e0000000, 0x0000000100000000)
  region size 1024K, 9 young (9216K), 9 survivors (9216K)
 Metaspace       used 35364K, committed 36736K, reserved 393216K
  class space    used 5045K, committed 5760K, reserved 327680K
}
Event: 68.797 GC heap before
{Heap before GC invocations=9 (full 0):
 garbage-first heap   total 262144K, used 178254K [0x00000000e0000000, 0x0000000100000000)
  region size 1024K, 153 young (156672K), 9 survivors (9216K)
 Metaspace       used 49131K, committed 51072K, reserved 393216K
  class space    used 7218K, committed 8128K, reserved 327680K
}
Event: 68.823 GC heap after
{Heap after GC invocations=10 (full 0):
 garbage-first heap   total 262144K, used 42275K [0x00000000e0000000, 0x0000000100000000)
  region size 1024K, 20 young (20480K), 20 survivors (20480K)
 Metaspace       used 49131K, committed 51072K, reserved 393216K
  class space    used 7218K, committed 8128K, reserved 327680K
}
Event: 77.388 GC heap before
{Heap before GC invocations=10 (full 0):
 garbage-first heap   total 262144K, used 178467K [0x00000000e0000000, 0x0000000100000000)
  region size 1024K, 153 young (156672K), 20 survivors (20480K)
 Metaspace       used 55254K, committed 57344K, reserved 393216K
  class space    used 8130K, committed 9152K, reserved 327680K
}
Event: 77.407 GC heap after
{Heap after GC invocations=11 (full 0):
 garbage-first heap   total 262144K, used 55750K [0x00000000e0000000, 0x0000000100000000)
  region size 1024K, 15 young (15360K), 15 survivors (15360K)
 Metaspace       used 55254K, committed 57344K, reserved 393216K
  class space    used 8130K, committed 9152K, reserved 327680K
}
Event: 131.321 GC heap before
{Heap before GC invocations=11 (full 0):
 garbage-first heap   total 262144K, used 129478K [0x00000000e0000000, 0x0000000100000000)
  region size 1024K, 88 young (90112K), 15 survivors (15360K)
 Metaspace       used 59244K, committed 61376K, reserved 393216K
  class space    used 8694K, committed 9728K, reserved 327680K
}
Event: 131.388 GC heap after
{Heap after GC invocations=12 (full 0):
 garbage-first heap   total 262144K, used 63210K [0x00000000e0000000, 0x0000000100000000)
  region size 1024K, 10 young (10240K), 10 survivors (10240K)
 Metaspace       used 59244K, committed 61376K, reserved 393216K
  class space    used 8694K, committed 9728K, reserved 327680K
}

