# JRE version: OpenJDK Runtime Environment Temurin-21.0.12.1+1 (21.0.12.1+1) (build 21.0.12.1+1-LTS)
# Java VM: OpenJDK 64-Bit Server VM Temurin-21.0.12.1+1 (21.0.12.1+1-LTS, mixed mode, sharing, tiered, compressed oops, compressed class ptrs, g1 gc, windows-amd64)
GC Precious Log:
 CardTable entry size: 512
 Card Set container configuration: InlinePtr #cards 5 size 8 Array Of Cards #cards 12 size 40 Howl #buckets 4 coarsen threshold 1843 Howl Bitmap #cards 512 size 80 coarsen threshold 460 Card regions per heap region 1 cards per card region 2048
 CPUs: 12 total, 12 available
 Memory: 15688M
 Large Page Support: Disabled
 NUMA Support: Disabled
 Compressed Oops: Enabled (32-bit)
 Heap Region Size: 1M
 Heap Min Capacity: 256M
 Heap Initial Capacity: 256M
 Heap Max Capacity: 512M
 Pre-touch: Disabled
 Parallel Workers: 10
 Concurrent Workers: 3
 Concurrent Refinement Workers: 10
 Periodic GC: Disabled
Heap:
 garbage-first heap   total 262144K, used 80822K [0x00000000e0000000, 0x0000000100000000)
  region size 1024K, 59 young (60416K), 10 survivors (10240K)
 Metaspace       used 40483K, committed 42112K, reserved 393216K
  class space    used 6046K, committed 6848K, reserved 327680K
GC Heap History (14 events):
Event: 2.942 GC heap before
{Heap before GC invocations=0 (full 0):
 garbage-first heap   total 262144K, used 26624K [0x00000000e0000000, 0x0000000100000000)
  region size 1024K, 23 young (23552K), 0 survivors (0K)
 Metaspace       used 2799K, committed 2944K, reserved 393216K
  class space    used 326K, committed 384K, reserved 327680K
}
Event: 4.953 GC heap after
{Heap after GC invocations=1 (full 0):
 garbage-first heap   total 262144K, used 10827K [0x00000000e0000000, 0x0000000100000000)
  region size 1024K, 3 young (3072K), 3 survivors (3072K)
 Metaspace       used 2799K, committed 2944K, reserved 393216K
  class space    used 326K, committed 384K, reserved 327680K
}
Event: 7.234 GC heap before
{Heap before GC invocations=1 (full 0):
 garbage-first heap   total 262144K, used 39499K [0x00000000e0000000, 0x0000000100000000)
  region size 1024K, 30 young (30720K), 3 survivors (3072K)
 Metaspace       used 4634K, committed 4800K, reserved 393216K
  class space    used 595K, committed 704K, reserved 327680K
}
Event: 7.238 GC heap after
{Heap after GC invocations=2 (full 0):
 garbage-first heap   total 262144K, used 14230K [0x00000000e0000000, 0x0000000100000000)
  region size 1024K, 3 young (3072K), 3 survivors (3072K)
 Metaspace       used 4634K, committed 4800K, reserved 393216K
  class space    used 595K, committed 704K, reserved 327680K
}
Event: 61.945 GC heap before
{Heap before GC invocations=2 (full 0):
 garbage-first heap   total 262144K, used 93078K [0x00000000e0000000, 0x0000000100000000)
  region size 1024K, 80 young (81920K), 3 survivors (3072K)
 Metaspace       used 15773K, committed 16192K, reserved 393216K
  class space    used 2167K, committed 2368K, reserved 327680K
}
Event: 63.192 GC heap after
{Heap after GC invocations=3 (full 0):
 garbage-first heap   total 262144K, used 21735K [0x00000000e0000000, 0x0000000100000000)
  region size 1024K, 10 young (10240K), 10 survivors (10240K)
 Metaspace       used 15773K, committed 16192K, reserved 393216K
  class space    used 2167K, committed 2368K, reserved 327680K
}
Event: 70.744 GC heap before
{Heap before GC invocations=3 (full 0):
 garbage-first heap   total 262144K, used 56551K [0x00000000e0000000, 0x0000000100000000)
  region size 1024K, 46 young (47104K), 10 survivors (10240K)
 Metaspace       used 20828K, committed 21504K, reserved 393216K
  class space    used 2978K, committed 3328K, reserved 327680K
}
Event: 70.754 GC heap after
{Heap after GC invocations=4 (full 0):
 garbage-first heap   total 262144K, used 24373K [0x00000000e0000000, 0x0000000100000000)
  region size 1024K, 12 young (12288K), 12 survivors (12288K)
 Metaspace       used 20828K, committed 21504K, reserved 393216K
  class space    used 2978K, committed 3328K, reserved 327680K
}
Event: 132.230 GC heap before
{Heap before GC invocations=5 (full 0):
 garbage-first heap   total 262144K, used 131893K [0x00000000e0000000, 0x0000000100000000)
  region size 1024K, 119 young (121856K), 12 survivors (12288K)
 Metaspace       used 34766K, committed 36160K, reserved 393216K
  class space    used 5137K, committed 5824K, reserved 327680K
}
Event: 132.310 GC heap after
{Heap after GC invocations=6 (full 0):
 garbage-first heap   total 262144K, used 30921K [0x00000000e0000000, 0x0000000100000000)
  region size 1024K, 17 young (17408K), 17 survivors (17408K)
 Metaspace       used 34766K, committed 36160K, reserved 393216K
  class space    used 5137K, committed 5824K, reserved 327680K
}
Event: 132.751 GC heap before
{Heap before GC invocations=6 (full 0):
 garbage-first heap   total 262144K, used 30921K [0x00000000e0000000, 0x0000000100000000)
  region size 1024K, 19 young (19456K), 17 survivors (17408K)
 Metaspace       used 35059K, committed 36480K, reserved 393216K
  class space    used 5178K, committed 5888K, reserved 327680K
}
Event: 132.818 GC heap after
{Heap after GC invocations=7 (full 0):
 garbage-first heap   total 262144K, used 31452K [0x00000000e0000000, 0x0000000100000000)
  region size 1024K, 10 young (10240K), 10 survivors (10240K)
 Metaspace       used 35059K, committed 36480K, reserved 393216K
  class space    used 5178K, committed 5888K, reserved 327680K
}
Event: 133.604 GC heap before
{Heap before GC invocations=7 (full 0):
 garbage-first heap   total 262144K, used 34524K [0x00000000e0000000, 0x0000000100000000)
  region size 1024K, 14 young (14336K), 10 survivors (10240K)
 Metaspace       used 35402K, committed 36800K, reserved 393216K
  class space    used 5224K, committed 5888K, reserved 327680K
}
Event: 133.632 GC heap after
{Heap after GC invocations=8 (full 0):
 garbage-first heap   total 262144K, used 31670K [0x00000000e0000000, 0x0000000100000000)
  region size 1024K, 10 young (10240K), 10 survivors (10240K)
 Metaspace       used 35402K, committed 36800K, reserved 393216K
  class space    used 5224K, committed 5888K, reserved 327680K
}

