# JRE version: OpenJDK Runtime Environment Temurin-21.0.12.1+1 (21.0.12.1+1) (build 21.0.12.1+1-LTS)
# Java VM: OpenJDK 64-Bit Server VM Temurin-21.0.12.1+1 (21.0.12.1+1-LTS, mixed mode, sharing, tiered, compressed oops, compressed class ptrs, g1 gc, windows-amd64)
GC Precious Log:
 CardTable entry size: 512
 Card Set container configuration: InlinePtr #cards 5 size 8 Array Of Cards #cards 12 size 40 Howl #buckets 4 coarsen threshold 1843 Howl Bitmap #cards 512 size 80 coarsen threshold 460 Card regions per heap region 1 cards per card region 2048
 CPUs: 12 total, 12 available
 Memory: 15688M
 Large Page Support: Disabled
 NUMA Support: Disabled
 Compressed Oops: Enabled (32-bit)
 Heap Region Size: 1M
 Heap Min Capacity: 256M
 Heap Initial Capacity: 256M
 Heap Max Capacity: 512M
 Pre-touch: Disabled
 Parallel Workers: 10
 Concurrent Workers: 3
 Concurrent Refinement Workers: 10
 Periodic GC: Disabled
Heap:
 garbage-first heap   total 262144K, used 47112K [0x00000000e0000000, 0x0000000100000000)
  region size 1024K, 27 young (27648K), 10 survivors (10240K)
 Metaspace       used 36412K, committed 37952K, reserved 393216K
  class space    used 5383K, committed 6144K, reserved 327680K
GC Heap History (14 events):
Event: 3.099 GC heap before
{Heap before GC invocations=0 (full 0):
 garbage-first heap   total 262144K, used 26624K [0x00000000e0000000, 0x0000000100000000)
  region size 1024K, 23 young (23552K), 0 survivors (0K)
 Metaspace       used 2884K, committed 3008K, reserved 393216K
  class space    used 338K, committed 384K, reserved 327680K
}
Event: 3.580 GC heap after
{Heap after GC invocations=1 (full 0):
 garbage-first heap   total 262144K, used 11183K [0x00000000e0000000, 0x0000000100000000)
  region size 1024K, 3 young (3072K), 3 survivors (3072K)
 Metaspace       used 2884K, committed 3008K, reserved 393216K
  class space    used 338K, committed 384K, reserved 327680K
}
Event: 5.791 GC heap before
{Heap before GC invocations=1 (full 0):
 garbage-first heap   total 262144K, used 38831K [0x00000000e0000000, 0x0000000100000000)
  region size 1024K, 30 young (30720K), 3 survivors (3072K)
 Metaspace       used 4618K, committed 4800K, reserved 393216K
  class space    used 594K, committed 704K, reserved 327680K
}
Event: 5.869 GC heap after
{Heap after GC invocations=2 (full 0):
 garbage-first heap   total 262144K, used 14305K [0x00000000e0000000, 0x0000000100000000)
  region size 1024K, 3 young (3072K), 3 survivors (3072K)
 Metaspace       used 4618K, committed 4800K, reserved 393216K
  class space    used 594K, committed 704K, reserved 327680K
}
Event: 55.332 GC heap before
{Heap before GC invocations=2 (full 0):
 garbage-first heap   total 262144K, used 92129K [0x00000000e0000000, 0x0000000100000000)
  region size 1024K, 78 young (79872K), 3 survivors (3072K)
 Metaspace       used 15584K, committed 16064K, reserved 393216K
  class space    used 2157K, committed 2368K, reserved 327680K
}
Event: 56.081 GC heap after
{Heap after GC invocations=3 (full 0):
 garbage-first heap   total 262144K, used 21739K [0x00000000e0000000, 0x0000000100000000)
  region size 1024K, 10 young (10240K), 10 survivors (10240K)
 Metaspace       used 15584K, committed 16064K, reserved 393216K
  class space    used 2157K, committed 2368K, reserved 327680K
}
Event: 61.944 GC heap before
{Heap before GC invocations=3 (full 0):
 garbage-first heap   total 262144K, used 58603K [0x00000000e0000000, 0x0000000100000000)
  region size 1024K, 47 young (48128K), 10 survivors (10240K)
 Metaspace       used 20844K, committed 21504K, reserved 393216K
  class space    used 2983K, committed 3328K, reserved 327680K
}
Event: 61.953 GC heap after
{Heap after GC invocations=4 (full 0):
 garbage-first heap   total 262144K, used 24270K [0x00000000e0000000, 0x0000000100000000)
  region size 1024K, 11 young (11264K), 11 survivors (11264K)
 Metaspace       used 20844K, committed 21504K, reserved 393216K
  class space    used 2983K, committed 3328K, reserved 327680K
}
Event: 76.929 GC heap before
{Heap before GC invocations=5 (full 0):
 garbage-first heap   total 262144K, used 123598K [0x00000000e0000000, 0x0000000100000000)
  region size 1024K, 110 young (112640K), 11 survivors (11264K)
 Metaspace       used 34594K, committed 35968K, reserved 393216K
  class space    used 5075K, committed 5760K, reserved 327680K
}
Event: 76.943 GC heap after
{Heap after GC invocations=6 (full 0):
 garbage-first heap   total 262144K, used 30493K [0x00000000e0000000, 0x0000000100000000)
  region size 1024K, 17 young (17408K), 17 survivors (17408K)
 Metaspace       used 34594K, committed 35968K, reserved 393216K
  class space    used 5075K, committed 5760K, reserved 327680K
}
Event: 80.118 GC heap before
{Heap before GC invocations=6 (full 0):
 garbage-first heap   total 262144K, used 33565K [0x00000000e0000000, 0x0000000100000000)
  region size 1024K, 21 young (21504K), 17 survivors (17408K)
 Metaspace       used 35004K, committed 36288K, reserved 393216K
  class space    used 5138K, committed 5760K, reserved 327680K
}
Event: 80.147 GC heap after
{Heap after GC invocations=7 (full 0):
 garbage-first heap   total 262144K, used 31559K [0x00000000e0000000, 0x0000000100000000)
  region size 1024K, 10 young (10240K), 10 survivors (10240K)
 Metaspace       used 35004K, committed 36288K, reserved 393216K
  class space    used 5138K, committed 5760K, reserved 327680K
}
Event: 87.808 GC heap before
{Heap before GC invocations=7 (full 0):
 garbage-first heap   total 262144K, used 35655K [0x00000000e0000000, 0x0000000100000000)
  region size 1024K, 15 young (15360K), 10 survivors (10240K)
 Metaspace       used 35267K, committed 36608K, reserved 393216K
  class space    used 5197K, committed 5824K, reserved 327680K
}
Event: 87.831 GC heap after
{Heap after GC invocations=8 (full 0):
 garbage-first heap   total 262144K, used 30728K [0x00000000e0000000, 0x0000000100000000)
  region size 1024K, 10 young (10240K), 10 survivors (10240K)
 Metaspace       used 35267K, committed 36608K, reserved 393216K
  class space    used 5197K, committed 5824K, reserved 327680K
}

