# JRE version: OpenJDK Runtime Environment Temurin-21.0.12.1+1 (21.0.12.1+1) (build 21.0.12.1+1-LTS)
# Java VM: OpenJDK 64-Bit Server VM Temurin-21.0.12.1+1 (21.0.12.1+1-LTS, mixed mode, sharing, tiered, compressed oops, compressed class ptrs, g1 gc, windows-amd64)
GC Precious Log:
 CardTable entry size: 512
 Card Set container configuration: InlinePtr #cards 5 size 8 Array Of Cards #cards 12 size 40 Howl #buckets 4 coarsen threshold 1843 Howl Bitmap #cards 512 size 80 coarsen threshold 460 Card regions per heap region 1 cards per card region 2048
 CPUs: 12 total, 12 available
 Memory: 15688M
 Large Page Support: Disabled
 NUMA Support: Disabled
 Compressed Oops: Enabled (32-bit)
 Heap Region Size: 1M
 Heap Min Capacity: 256M
 Heap Initial Capacity: 256M
 Heap Max Capacity: 512M
 Pre-touch: Disabled
 Parallel Workers: 10
 Concurrent Workers: 3
 Concurrent Refinement Workers: 10
 Periodic GC: Disabled
Heap:
 garbage-first heap   total 262144K, used 76795K [0x00000000e0000000, 0x0000000100000000)
  region size 1024K, 56 young (57344K), 10 survivors (10240K)
 Metaspace       used 39999K, committed 41664K, reserved 393216K
  class space    used 5921K, committed 6720K, reserved 327680K
GC Heap History (14 events):
Event: 3.663 GC heap before
{Heap before GC invocations=0 (full 0):
 garbage-first heap   total 262144K, used 26624K [0x00000000e0000000, 0x0000000100000000)
  region size 1024K, 23 young (23552K), 0 survivors (0K)
 Metaspace       used 2839K, committed 3008K, reserved 393216K
  class space    used 336K, committed 384K, reserved 327680K
}
Event: 4.319 GC heap after
{Heap after GC invocations=1 (full 0):
 garbage-first heap   total 262144K, used 11001K [0x00000000e0000000, 0x0000000100000000)
  region size 1024K, 3 young (3072K), 3 survivors (3072K)
 Metaspace       used 2839K, committed 3008K, reserved 393216K
  class space    used 336K, committed 384K, reserved 327680K
}
Event: 6.390 GC heap before
{Heap before GC invocations=1 (full 0):
 garbage-first heap   total 262144K, used 40697K [0x00000000e0000000, 0x0000000100000000)
  region size 1024K, 31 young (31744K), 3 survivors (3072K)
 Metaspace       used 4622K, committed 4800K, reserved 393216K
  class space    used 595K, committed 704K, reserved 327680K
}
Event: 6.394 GC heap after
{Heap after GC invocations=2 (full 0):
 garbage-first heap   total 262144K, used 14254K [0x00000000e0000000, 0x0000000100000000)
  region size 1024K, 2 young (2048K), 2 survivors (2048K)
 Metaspace       used 4622K, committed 4800K, reserved 393216K
  class space    used 595K, committed 704K, reserved 327680K
}
Event: 32.203 GC heap before
{Heap before GC invocations=2 (full 0):
 garbage-first heap   total 262144K, used 91054K [0x00000000e0000000, 0x0000000100000000)
  region size 1024K, 77 young (78848K), 2 survivors (2048K)
 Metaspace       used 12146K, committed 12544K, reserved 393216K
  class space    used 1601K, committed 1792K, reserved 327680K
}
Event: 32.255 GC heap after
{Heap after GC invocations=3 (full 0):
 garbage-first heap   total 262144K, used 22317K [0x00000000e0000000, 0x0000000100000000)
  region size 1024K, 10 young (10240K), 10 survivors (10240K)
 Metaspace       used 12146K, committed 12544K, reserved 393216K
  class space    used 1601K, committed 1792K, reserved 327680K
}
Event: 42.780 GC heap before
{Heap before GC invocations=3 (full 0):
 garbage-first heap   total 262144K, used 83757K [0x00000000e0000000, 0x0000000100000000)
  region size 1024K, 71 young (72704K), 10 survivors (10240K)
 Metaspace       used 20817K, committed 21504K, reserved 393216K
  class space    used 2938K, committed 3264K, reserved 327680K
}
Event: 42.793 GC heap after
{Heap after GC invocations=4 (full 0):
 garbage-first heap   total 262144K, used 24336K [0x00000000e0000000, 0x0000000100000000)
  region size 1024K, 4 young (4096K), 4 survivors (4096K)
 Metaspace       used 20817K, committed 21504K, reserved 393216K
  class space    used 2938K, committed 3264K, reserved 327680K
}
Event: 55.369 GC heap before
{Heap before GC invocations=5 (full 0):
 garbage-first heap   total 262144K, used 125712K [0x00000000e0000000, 0x0000000100000000)
  region size 1024K, 105 young (107520K), 4 survivors (4096K)
 Metaspace       used 34602K, committed 35968K, reserved 393216K
  class space    used 5092K, committed 5760K, reserved 327680K
}
Event: 55.379 GC heap after
{Heap after GC invocations=6 (full 0):
 garbage-first heap   total 262144K, used 30116K [0x00000000e0000000, 0x0000000100000000)
  region size 1024K, 10 young (10240K), 10 survivors (10240K)
 Metaspace       used 34602K, committed 35968K, reserved 393216K
  class space    used 5092K, committed 5760K, reserved 327680K
}
Event: 55.467 GC heap before
{Heap before GC invocations=6 (full 0):
 garbage-first heap   total 262144K, used 31140K [0x00000000e0000000, 0x0000000100000000)
  region size 1024K, 12 young (12288K), 10 survivors (10240K)
 Metaspace       used 34875K, committed 36288K, reserved 393216K
  class space    used 5113K, committed 5760K, reserved 327680K
}
Event: 55.474 GC heap after
{Heap after GC invocations=7 (full 0):
 garbage-first heap   total 262144K, used 30474K [0x00000000e0000000, 0x0000000100000000)
  region size 1024K, 10 young (10240K), 10 survivors (10240K)
 Metaspace       used 34875K, committed 36288K, reserved 393216K
  class space    used 5113K, committed 5760K, reserved 327680K
}
Event: 55.676 GC heap before
{Heap before GC invocations=7 (full 0):
 garbage-first heap   total 262144K, used 33546K [0x00000000e0000000, 0x0000000100000000)
  region size 1024K, 14 young (14336K), 10 survivors (10240K)
 Metaspace       used 35195K, committed 36608K, reserved 393216K
  class space    used 5156K, committed 5888K, reserved 327680K
}
Event: 55.687 GC heap after
{Heap after GC invocations=8 (full 0):
 garbage-first heap   total 262144K, used 30715K [0x00000000e0000000, 0x0000000100000000)
  region size 1024K, 10 young (10240K), 10 survivors (10240K)
 Metaspace       used 35195K, committed 36608K, reserved 393216K
  class space    used 5156K, committed 5888K, reserved 327680K
}

